0 info it worked if it ends with ok
1 verbose cli [ 'C:\\Program Files\\nodejs\\node.exe',
1 verbose cli   'C:\\Users\\black\\AppData\\Roaming\\npm\\node_modules\\npm\\bin\\npm-cli.js',
1 verbose cli   'install',
1 verbose cli   'bcrypt' ]
2 info using npm@3.10.9
3 info using node@v6.9.1
4 silly loadCurrentTree Starting
5 silly install loadCurrentTree
6 silly install readLocalPackageData
7 silly fetchPackageMetaData bcrypt
8 silly fetchNamedPackageData bcrypt
9 silly mapToRegistry name bcrypt
10 silly mapToRegistry using default registry
11 silly mapToRegistry registry https://registry.npmjs.org/
12 silly mapToRegistry data Result {
12 silly mapToRegistry   raw: 'bcrypt',
12 silly mapToRegistry   scope: null,
12 silly mapToRegistry   escapedName: 'bcrypt',
12 silly mapToRegistry   name: 'bcrypt',
12 silly mapToRegistry   rawSpec: '',
12 silly mapToRegistry   spec: 'latest',
12 silly mapToRegistry   type: 'tag' }
13 silly mapToRegistry uri https://registry.npmjs.org/bcrypt
14 verbose request uri https://registry.npmjs.org/bcrypt
15 verbose request no auth needed
16 info attempt registry request try #1 at 6:11:16 PM
17 verbose request id a4b9efbd8b6aae0e
18 http request GET https://registry.npmjs.org/bcrypt
19 http 200 https://registry.npmjs.org/bcrypt
20 verbose headers { server: 'CouchDB/1.5.0 (Erlang OTP/R16B03)',
20 verbose headers   etag: '"ZN4VCW2AUBHLQCRMEUAFFWEE"',
20 verbose headers   'content-type': 'application/json',
20 verbose headers   'content-encoding': 'gzip',
20 verbose headers   'cache-control': 'max-age=300',
20 verbose headers   'content-length': '11957',
20 verbose headers   'accept-ranges': 'bytes',
20 verbose headers   date: 'Mon, 07 Nov 2016 00:11:18 GMT',
20 verbose headers   via: '1.1 varnish',
20 verbose headers   age: '57',
20 verbose headers   connection: 'keep-alive',
20 verbose headers   'x-served-by': 'cache-mia1323-MIA',
20 verbose headers   'x-cache': 'HIT',
20 verbose headers   'x-cache-hits': '1',
20 verbose headers   'x-timer': 'S1478477478.915787,VS0,VE0',
20 verbose headers   vary: 'Accept-Encoding' }
21 silly get cb [ 200,
21 silly get   { server: 'CouchDB/1.5.0 (Erlang OTP/R16B03)',
21 silly get     etag: '"ZN4VCW2AUBHLQCRMEUAFFWEE"',
21 silly get     'content-type': 'application/json',
21 silly get     'content-encoding': 'gzip',
21 silly get     'cache-control': 'max-age=300',
21 silly get     'content-length': '11957',
21 silly get     'accept-ranges': 'bytes',
21 silly get     date: 'Mon, 07 Nov 2016 00:11:18 GMT',
21 silly get     via: '1.1 varnish',
21 silly get     age: '57',
21 silly get     connection: 'keep-alive',
21 silly get     'x-served-by': 'cache-mia1323-MIA',
21 silly get     'x-cache': 'HIT',
21 silly get     'x-cache-hits': '1',
21 silly get     'x-timer': 'S1478477478.915787,VS0,VE0',
21 silly get     vary: 'Accept-Encoding' } ]
22 verbose get saving bcrypt to C:\Users\black\AppData\Roaming\npm-cache\registry.npmjs.org\bcrypt\.cache.json
23 verbose correctMkdir C:\Users\black\AppData\Roaming\npm-cache correctMkdir not in flight; initializing
24 silly install normalizeTree
25 silly loadCurrentTree Finishing
26 silly loadIdealTree Starting
27 silly install loadIdealTree
28 silly cloneCurrentTree Starting
29 silly install cloneCurrentTreeToIdealTree
30 silly cloneCurrentTree Finishing
31 silly loadShrinkwrap Starting
32 silly install loadShrinkwrap
33 silly loadShrinkwrap Finishing
34 silly loadAllDepsIntoIdealTree Starting
35 silly install loadAllDepsIntoIdealTree
36 silly resolveWithNewModule bcrypt@0.8.7 checking installable status
37 silly cache add args [ 'bcrypt', null ]
38 verbose cache add spec bcrypt
39 silly cache add parsed spec Result {
39 silly cache add   raw: 'bcrypt',
39 silly cache add   scope: null,
39 silly cache add   escapedName: 'bcrypt',
39 silly cache add   name: 'bcrypt',
39 silly cache add   rawSpec: '',
39 silly cache add   spec: 'latest',
39 silly cache add   type: 'tag' }
40 silly addNamed bcrypt@latest
41 verbose addNamed "latest" is being treated as a dist-tag for bcrypt
42 info addNameTag [ 'bcrypt', 'latest' ]
43 silly mapToRegistry name bcrypt
44 silly mapToRegistry using default registry
45 silly mapToRegistry registry https://registry.npmjs.org/
46 silly mapToRegistry data Result {
46 silly mapToRegistry   raw: 'bcrypt',
46 silly mapToRegistry   scope: null,
46 silly mapToRegistry   escapedName: 'bcrypt',
46 silly mapToRegistry   name: 'bcrypt',
46 silly mapToRegistry   rawSpec: '',
46 silly mapToRegistry   spec: 'latest',
46 silly mapToRegistry   type: 'tag' }
47 silly mapToRegistry uri https://registry.npmjs.org/bcrypt
48 verbose addNameTag registry:https://registry.npmjs.org/bcrypt not in flight; fetching
49 verbose get https://registry.npmjs.org/bcrypt not expired, no request
50 silly addNameTag next cb for bcrypt with tag latest
51 silly addNamed bcrypt@0.8.7
52 verbose addNamed "0.8.7" is a plain semver version for bcrypt
53 silly mapToRegistry name bcrypt
54 silly mapToRegistry using default registry
55 silly mapToRegistry registry https://registry.npmjs.org/
56 silly mapToRegistry data Result {
56 silly mapToRegistry   raw: 'bcrypt',
56 silly mapToRegistry   scope: null,
56 silly mapToRegistry   escapedName: 'bcrypt',
56 silly mapToRegistry   name: 'bcrypt',
56 silly mapToRegistry   rawSpec: '',
56 silly mapToRegistry   spec: 'latest',
56 silly mapToRegistry   type: 'tag' }
57 silly mapToRegistry uri https://registry.npmjs.org/bcrypt
58 verbose addRemoteTarball https://registry.npmjs.org/bcrypt/-/bcrypt-0.8.7.tgz not in flight; adding
59 verbose addRemoteTarball [ 'https://registry.npmjs.org/bcrypt/-/bcrypt-0.8.7.tgz',
59 verbose addRemoteTarball   'bc3875a9afd0a7b2cd231a6a7f218a5ce156b093' ]
60 info retry fetch attempt 1 at 6:11:17 PM
61 info attempt registry request try #1 at 6:11:17 PM
62 http fetch GET https://registry.npmjs.org/bcrypt/-/bcrypt-0.8.7.tgz
63 http fetch 200 https://registry.npmjs.org/bcrypt/-/bcrypt-0.8.7.tgz
64 silly fetchAndShaCheck shasum bc3875a9afd0a7b2cd231a6a7f218a5ce156b093
65 verbose addTmpTarball C:\Users\black\AppData\Local\Temp\npm-10932-eb96aede\registry.npmjs.org\bcrypt\-\bcrypt-0.8.7.tgz not in flight; adding
66 verbose addTmpTarball already have metadata; skipping unpack for bcrypt@0.8.7
67 verbose correctMkdir C:\Users\black\AppData\Roaming\npm-cache correctMkdir not in flight; initializing
68 silly cache afterAdd bcrypt@0.8.7
69 verbose afterAdd C:\Users\black\AppData\Roaming\npm-cache\bcrypt\0.8.7\package\package.json not in flight; writing
70 verbose correctMkdir C:\Users\black\AppData\Roaming\npm-cache correctMkdir not in flight; initializing
71 verbose afterAdd C:\Users\black\AppData\Roaming\npm-cache\bcrypt\0.8.7\package\package.json written
72 silly fetchNamedPackageData bindings
73 silly mapToRegistry name bindings
74 silly mapToRegistry using default registry
75 silly mapToRegistry registry https://registry.npmjs.org/
76 silly mapToRegistry data Result {
76 silly mapToRegistry   raw: 'bindings',
76 silly mapToRegistry   scope: null,
76 silly mapToRegistry   escapedName: 'bindings',
76 silly mapToRegistry   name: 'bindings',
76 silly mapToRegistry   rawSpec: '',
76 silly mapToRegistry   spec: 'latest',
76 silly mapToRegistry   type: 'tag' }
77 silly mapToRegistry uri https://registry.npmjs.org/bindings
78 silly fetchNamedPackageData nan
79 silly mapToRegistry name nan
80 silly mapToRegistry using default registry
81 silly mapToRegistry registry https://registry.npmjs.org/
82 silly mapToRegistry data Result {
82 silly mapToRegistry   raw: 'nan',
82 silly mapToRegistry   scope: null,
82 silly mapToRegistry   escapedName: 'nan',
82 silly mapToRegistry   name: 'nan',
82 silly mapToRegistry   rawSpec: '',
82 silly mapToRegistry   spec: 'latest',
82 silly mapToRegistry   type: 'tag' }
83 silly mapToRegistry uri https://registry.npmjs.org/nan
84 verbose request uri https://registry.npmjs.org/bindings
85 verbose request no auth needed
86 info attempt registry request try #1 at 6:11:17 PM
87 verbose etag "C1AW6UVQGY4VZQGFC1WTIGMDV"
88 http request GET https://registry.npmjs.org/bindings
89 verbose request uri https://registry.npmjs.org/nan
90 verbose request no auth needed
91 info attempt registry request try #1 at 6:11:17 PM
92 verbose etag "64LN9YQI6X4XTPFBYZLET8KF2"
93 http request GET https://registry.npmjs.org/nan
94 http 200 https://registry.npmjs.org/bindings
95 verbose headers { server: 'CouchDB/1.5.0 (Erlang OTP/R16B03)',
95 verbose headers   etag: '"8QW29MHCPCE6VJCVI3QVXRJAQ"',
95 verbose headers   'content-type': 'application/json',
95 verbose headers   'content-encoding': 'gzip',
95 verbose headers   'cache-control': 'max-age=300',
95 verbose headers   'content-length': '3832',
95 verbose headers   'accept-ranges': 'bytes',
95 verbose headers   date: 'Mon, 07 Nov 2016 00:11:19 GMT',
95 verbose headers   via: '1.1 varnish',
95 verbose headers   age: '57',
95 verbose headers   connection: 'keep-alive',
95 verbose headers   'x-served-by': 'cache-mia1323-MIA',
95 verbose headers   'x-cache': 'HIT',
95 verbose headers   'x-cache-hits': '1',
95 verbose headers   'x-timer': 'S1478477479.447142,VS0,VE0',
95 verbose headers   vary: 'Accept-Encoding' }
96 silly get cb [ 200,
96 silly get   { server: 'CouchDB/1.5.0 (Erlang OTP/R16B03)',
96 silly get     etag: '"8QW29MHCPCE6VJCVI3QVXRJAQ"',
96 silly get     'content-type': 'application/json',
96 silly get     'content-encoding': 'gzip',
96 silly get     'cache-control': 'max-age=300',
96 silly get     'content-length': '3832',
96 silly get     'accept-ranges': 'bytes',
96 silly get     date: 'Mon, 07 Nov 2016 00:11:19 GMT',
96 silly get     via: '1.1 varnish',
96 silly get     age: '57',
96 silly get     connection: 'keep-alive',
96 silly get     'x-served-by': 'cache-mia1323-MIA',
96 silly get     'x-cache': 'HIT',
96 silly get     'x-cache-hits': '1',
96 silly get     'x-timer': 'S1478477479.447142,VS0,VE0',
96 silly get     vary: 'Accept-Encoding' } ]
97 verbose get saving bindings to C:\Users\black\AppData\Roaming\npm-cache\registry.npmjs.org\bindings\.cache.json
98 verbose correctMkdir C:\Users\black\AppData\Roaming\npm-cache correctMkdir not in flight; initializing
99 silly resolveWithNewModule bindings@1.2.1 checking installable status
100 silly cache add args [ 'bindings@1.2.1', null ]
101 verbose cache add spec bindings@1.2.1
102 silly cache add parsed spec Result {
102 silly cache add   raw: 'bindings@1.2.1',
102 silly cache add   scope: null,
102 silly cache add   escapedName: 'bindings',
102 silly cache add   name: 'bindings',
102 silly cache add   rawSpec: '1.2.1',
102 silly cache add   spec: '1.2.1',
102 silly cache add   type: 'version' }
103 silly addNamed bindings@1.2.1
104 verbose addNamed "1.2.1" is a plain semver version for bindings
105 silly mapToRegistry name bindings
106 silly mapToRegistry using default registry
107 silly mapToRegistry registry https://registry.npmjs.org/
108 silly mapToRegistry data Result {
108 silly mapToRegistry   raw: 'bindings',
108 silly mapToRegistry   scope: null,
108 silly mapToRegistry   escapedName: 'bindings',
108 silly mapToRegistry   name: 'bindings',
108 silly mapToRegistry   rawSpec: '',
108 silly mapToRegistry   spec: 'latest',
108 silly mapToRegistry   type: 'tag' }
109 silly mapToRegistry uri https://registry.npmjs.org/bindings
110 verbose addNameVersion registry:https://registry.npmjs.org/bindings not in flight; fetching
111 verbose get https://registry.npmjs.org/bindings not expired, no request
112 silly cache afterAdd bindings@1.2.1
113 verbose afterAdd C:\Users\black\AppData\Roaming\npm-cache\bindings\1.2.1\package\package.json not in flight; writing
114 verbose correctMkdir C:\Users\black\AppData\Roaming\npm-cache correctMkdir not in flight; initializing
115 verbose afterAdd C:\Users\black\AppData\Roaming\npm-cache\bindings\1.2.1\package\package.json written
116 http 304 https://registry.npmjs.org/nan
117 verbose headers { date: 'Mon, 07 Nov 2016 00:11:19 GMT',
117 verbose headers   via: '1.1 varnish',
117 verbose headers   'cache-control': 'max-age=300',
117 verbose headers   etag: '"64LN9YQI6X4XTPFBYZLET8KF2"',
117 verbose headers   age: '57',
117 verbose headers   connection: 'keep-alive',
117 verbose headers   'x-served-by': 'cache-mia1321-MIA',
117 verbose headers   'x-cache': 'HIT',
117 verbose headers   'x-cache-hits': '33',
117 verbose headers   'x-timer': 'S1478477479.560195,VS0,VE0',
117 verbose headers   vary: 'Accept-Encoding' }
118 silly get cb [ 304,
118 silly get   { date: 'Mon, 07 Nov 2016 00:11:19 GMT',
118 silly get     via: '1.1 varnish',
118 silly get     'cache-control': 'max-age=300',
118 silly get     etag: '"64LN9YQI6X4XTPFBYZLET8KF2"',
118 silly get     age: '57',
118 silly get     connection: 'keep-alive',
118 silly get     'x-served-by': 'cache-mia1321-MIA',
118 silly get     'x-cache': 'HIT',
118 silly get     'x-cache-hits': '33',
118 silly get     'x-timer': 'S1478477479.560195,VS0,VE0',
118 silly get     vary: 'Accept-Encoding' } ]
119 verbose etag https://registry.npmjs.org/nan from cache
120 verbose get saving nan to C:\Users\black\AppData\Roaming\npm-cache\registry.npmjs.org\nan\.cache.json
121 verbose correctMkdir C:\Users\black\AppData\Roaming\npm-cache correctMkdir not in flight; initializing
122 silly resolveWithNewModule nan@2.3.5 checking installable status
123 silly cache add args [ 'nan@2.3.5', null ]
124 verbose cache add spec nan@2.3.5
125 silly cache add parsed spec Result {
125 silly cache add   raw: 'nan@2.3.5',
125 silly cache add   scope: null,
125 silly cache add   escapedName: 'nan',
125 silly cache add   name: 'nan',
125 silly cache add   rawSpec: '2.3.5',
125 silly cache add   spec: '2.3.5',
125 silly cache add   type: 'version' }
126 silly addNamed nan@2.3.5
127 verbose addNamed "2.3.5" is a plain semver version for nan
128 silly mapToRegistry name nan
129 silly mapToRegistry using default registry
130 silly mapToRegistry registry https://registry.npmjs.org/
131 silly mapToRegistry data Result {
131 silly mapToRegistry   raw: 'nan',
131 silly mapToRegistry   scope: null,
131 silly mapToRegistry   escapedName: 'nan',
131 silly mapToRegistry   name: 'nan',
131 silly mapToRegistry   rawSpec: '',
131 silly mapToRegistry   spec: 'latest',
131 silly mapToRegistry   type: 'tag' }
132 silly mapToRegistry uri https://registry.npmjs.org/nan
133 verbose addNameVersion registry:https://registry.npmjs.org/nan not in flight; fetching
134 verbose get https://registry.npmjs.org/nan not expired, no request
135 silly cache afterAdd nan@2.3.5
136 verbose afterAdd C:\Users\black\AppData\Roaming\npm-cache\nan\2.3.5\package\package.json not in flight; writing
137 verbose correctMkdir C:\Users\black\AppData\Roaming\npm-cache correctMkdir not in flight; initializing
138 verbose afterAdd C:\Users\black\AppData\Roaming\npm-cache\nan\2.3.5\package\package.json written
139 silly loadAllDepsIntoIdealTree Finishing
140 silly loadIdealTree Finishing
141 silly currentTree TeoriaDB2@
141 silly currentTree +-- abbrev@1.0.9
141 silly currentTree +-- ansi-regex@2.0.0
141 silly currentTree +-- ansi-styles@2.2.1
141 silly currentTree +-- aproba@1.0.4
141 silly currentTree +-- are-we-there-yet@1.1.2
141 silly currentTree +-- array-find-index@1.0.2
141 silly currentTree +-- array-index@1.0.0
141 silly currentTree +-- asn1@0.2.3
141 silly currentTree +-- assert-plus@0.2.0
141 silly currentTree +-- async-foreach@0.1.3
141 silly currentTree +-- asynckit@0.4.0
141 silly currentTree +-- aws-sign2@0.6.0
141 silly currentTree +-- aws4@1.5.0
141 silly currentTree +-- balanced-match@0.4.2
141 silly currentTree +-- bcrypt-pbkdf@1.0.0
141 silly currentTree +-- block-stream@0.0.9
141 silly currentTree +-- boom@2.10.1
141 silly currentTree +-- brace-expansion@1.1.6
141 silly currentTree +-- buffer-shims@1.0.0
141 silly currentTree +-- builtin-modules@1.1.1
141 silly currentTree +-- camelcase-keys@2.1.0
141 silly currentTree +-- camelcase@2.1.1
141 silly currentTree +-- caseless@0.11.0
141 silly currentTree +-- chalk@1.1.3
141 silly currentTree +-- cliui@3.2.0
141 silly currentTree +-- code-point-at@1.1.0
141 silly currentTree +-- combined-stream@1.0.5
141 silly currentTree +-- commander@2.9.0
141 silly currentTree +-- concat-map@0.0.1
141 silly currentTree +-- console-control-strings@1.1.0
141 silly currentTree +-- core-util-is@1.0.2
141 silly currentTree +-- cross-spawn@3.0.1
141 silly currentTree +-- cryptiles@2.0.5
141 silly currentTree +-- currently-unhandled@0.4.1
141 silly currentTree +-- d@0.1.1
141 silly currentTree +-- dashdash@1.14.0
141 silly currentTree | `-- assert-plus@1.0.0
141 silly currentTree +-- debug@2.2.0
141 silly currentTree +-- decamelize@1.2.0
141 silly currentTree +-- delayed-stream@1.0.0
141 silly currentTree +-- delegates@1.0.0
141 silly currentTree +-- ecc-jsbn@0.1.1
141 silly currentTree +-- error-ex@1.3.0
141 silly currentTree +-- es5-ext@0.10.12
141 silly currentTree +-- es6-iterator@2.0.0
141 silly currentTree +-- es6-symbol@3.1.0
141 silly currentTree +-- escape-string-regexp@1.0.5
141 silly currentTree +-- extend@3.0.0
141 silly currentTree +-- extsprintf@1.0.2
141 silly currentTree +-- find-up@1.1.2
141 silly currentTree +-- forever-agent@0.6.1
141 silly currentTree +-- form-data@2.1.1
141 silly currentTree +-- fs.realpath@1.0.0
141 silly currentTree +-- fstream@1.0.10
141 silly currentTree +-- gauge@2.6.0
141 silly currentTree +-- gaze@1.1.2
141 silly currentTree +-- generate-function@2.0.0
141 silly currentTree +-- generate-object-property@1.2.0
141 silly currentTree +-- get-caller-file@1.0.2
141 silly currentTree +-- get-stdin@4.0.1
141 silly currentTree +-- getpass@0.1.6
141 silly currentTree | `-- assert-plus@1.0.0
141 silly currentTree +-- glob@7.1.1
141 silly currentTree +-- globule@1.1.0
141 silly currentTree +-- graceful-fs@4.1.10
141 silly currentTree +-- graceful-readlink@1.0.1
141 silly currentTree +-- har-validator@2.0.6
141 silly currentTree +-- has-ansi@2.0.0
141 silly currentTree +-- has-color@0.1.7
141 silly currentTree +-- has-unicode@2.0.1
141 silly currentTree +-- hawk@3.1.3
141 silly currentTree +-- hoek@2.16.3
141 silly currentTree +-- hosted-git-info@2.1.5
141 silly currentTree +-- http-signature@1.1.1
141 silly currentTree +-- in-publish@2.0.0
141 silly currentTree +-- indent-string@2.1.0
141 silly currentTree +-- inflight@1.0.6
141 silly currentTree +-- inherits@2.0.3
141 silly currentTree +-- invert-kv@1.0.0
141 silly currentTree +-- is-arrayish@0.2.1
141 silly currentTree +-- is-builtin-module@1.0.0
141 silly currentTree +-- is-finite@1.0.2
141 silly currentTree +-- is-fullwidth-code-point@1.0.0
141 silly currentTree +-- is-my-json-valid@2.15.0
141 silly currentTree +-- is-property@1.0.2
141 silly currentTree +-- is-typedarray@1.0.0
141 silly currentTree +-- is-utf8@0.2.1
141 silly currentTree +-- isarray@1.0.0
141 silly currentTree +-- isexe@1.1.2
141 silly currentTree +-- isstream@0.1.2
141 silly currentTree +-- jodid25519@1.0.2
141 silly currentTree +-- jsbn@0.1.0
141 silly currentTree +-- json-schema@0.2.3
141 silly currentTree +-- json-stringify-safe@5.0.1
141 silly currentTree +-- jsonpointer@4.0.0
141 silly currentTree +-- jsprim@1.3.1
141 silly currentTree +-- lcid@1.0.0
141 silly currentTree +-- load-json-file@1.1.0
141 silly currentTree +-- lodash.assign@4.2.0
141 silly currentTree +-- lodash.clonedeep@4.5.0
141 silly currentTree +-- lodash@4.16.6
141 silly currentTree +-- loud-rejection@1.6.0
141 silly currentTree +-- lru-cache@4.0.1
141 silly currentTree +-- map-obj@1.0.1
141 silly currentTree +-- meow@3.7.0
141 silly currentTree +-- meteor-node-stubs@0.2.3
141 silly currentTree | +-- assert@1.3.0
141 silly currentTree | +-- browserify-zlib@0.1.4
141 silly currentTree | | `-- pako@0.2.8
141 silly currentTree | +-- buffer@4.5.1
141 silly currentTree | | +-- base64-js@1.1.2
141 silly currentTree | | +-- ieee754@1.1.6
141 silly currentTree | | `-- isarray@1.0.0
141 silly currentTree | +-- console-browserify@1.1.0
141 silly currentTree | | `-- date-now@0.1.4
141 silly currentTree | +-- constants-browserify@1.0.0
141 silly currentTree | +-- crypto-browserify@3.11.0
141 silly currentTree | | +-- browserify-cipher@1.0.0
141 silly currentTree | | | +-- browserify-aes@1.0.6
141 silly currentTree | | | | +-- buffer-xor@1.0.3
141 silly currentTree | | | | `-- cipher-base@1.0.2
141 silly currentTree | | | +-- browserify-des@1.0.0
141 silly currentTree | | | | +-- cipher-base@1.0.2
141 silly currentTree | | | | `-- des.js@1.0.0
141 silly currentTree | | | |   `-- minimalistic-assert@1.0.0
141 silly currentTree | | | `-- evp_bytestokey@1.0.0
141 silly currentTree | | +-- browserify-sign@4.0.0
141 silly currentTree | | | +-- bn.js@4.11.1
141 silly currentTree | | | +-- browserify-rsa@4.0.1
141 silly currentTree | | | +-- elliptic@6.2.3
141 silly currentTree | | | | +-- brorand@1.0.5
141 silly currentTree | | | | `-- hash.js@1.0.3
141 silly currentTree | | | `-- parse-asn1@5.0.0
141 silly currentTree | | |   +-- asn1.js@4.5.2
141 silly currentTree | | |   | `-- minimalistic-assert@1.0.0
141 silly currentTree | | |   +-- browserify-aes@1.0.6
141 silly currentTree | | |   | +-- buffer-xor@1.0.3
141 silly currentTree | | |   | `-- cipher-base@1.0.2
141 silly currentTree | | |   `-- evp_bytestokey@1.0.0
141 silly currentTree | | +-- create-ecdh@4.0.0
141 silly currentTree | | | +-- bn.js@4.11.1
141 silly currentTree | | | `-- elliptic@6.2.3
141 silly currentTree | | |   +-- brorand@1.0.5
141 silly currentTree | | |   `-- hash.js@1.0.3
141 silly currentTree | | +-- create-hash@1.1.2
141 silly currentTree | | | +-- cipher-base@1.0.2
141 silly currentTree | | | +-- ripemd160@1.0.1
141 silly currentTree | | | `-- sha.js@2.4.5
141 silly currentTree | | +-- create-hmac@1.1.4
141 silly currentTree | | +-- diffie-hellman@5.0.2
141 silly currentTree | | | +-- bn.js@4.11.1
141 silly currentTree | | | `-- miller-rabin@4.0.0
141 silly currentTree | | |   `-- brorand@1.0.5
141 silly currentTree | | +-- inherits@2.0.1
141 silly currentTree | | +-- pbkdf2@3.0.4
141 silly currentTree | | +-- public-encrypt@4.0.0
141 silly currentTree | | | +-- bn.js@4.11.1
141 silly currentTree | | | +-- browserify-rsa@4.0.1
141 silly currentTree | | | `-- parse-asn1@5.0.0
141 silly currentTree | | |   +-- asn1.js@4.5.2
141 silly currentTree | | |   | `-- minimalistic-assert@1.0.0
141 silly currentTree | | |   +-- browserify-aes@1.0.6
141 silly currentTree | | |   | +-- buffer-xor@1.0.3
141 silly currentTree | | |   | `-- cipher-base@1.0.2
141 silly currentTree | | |   `-- evp_bytestokey@1.0.0
141 silly currentTree | | `-- randombytes@2.0.3
141 silly currentTree | +-- domain-browser@1.1.7
141 silly currentTree | +-- events@1.1.0
141 silly currentTree | +-- http-browserify@1.7.0
141 silly currentTree | | +-- Base64@0.2.1
141 silly currentTree | | `-- inherits@2.0.1
141 silly currentTree | +-- https-browserify@0.0.1
141 silly currentTree | +-- os-browserify@0.2.1
141 silly currentTree | +-- path-browserify@0.0.0
141 silly currentTree | +-- process@0.11.2
141 silly currentTree | +-- punycode@1.4.1
141 silly currentTree | +-- querystring-es3@0.2.1
141 silly currentTree | +-- readable-stream@2.0.6
141 silly currentTree | | +-- core-util-is@1.0.2
141 silly currentTree | | +-- inherits@2.0.1
141 silly currentTree | | +-- isarray@1.0.0
141 silly currentTree | | +-- process-nextick-args@1.0.6
141 silly currentTree | | `-- util-deprecate@1.0.2
141 silly currentTree | +-- stream-browserify@2.0.1
141 silly currentTree | | `-- inherits@2.0.1
141 silly currentTree | +-- string_decoder@0.10.31
141 silly currentTree | +-- timers-browserify@1.4.2
141 silly currentTree | +-- tty-browserify@0.0.0
141 silly currentTree | +-- url@0.11.0
141 silly currentTree | | +-- punycode@1.3.2
141 silly currentTree | | `-- querystring@0.2.0
141 silly currentTree | +-- util@0.10.3
141 silly currentTree | | `-- inherits@2.0.1
141 silly currentTree | `-- vm-browserify@0.0.4
141 silly currentTree |   `-- indexof@0.0.1
141 silly currentTree +-- mime-db@1.24.0
141 silly currentTree +-- mime-types@2.1.12
141 silly currentTree +-- minimatch@3.0.3
141 silly currentTree +-- minimist@1.2.0
141 silly currentTree +-- mkdirp@0.5.1
141 silly currentTree | `-- minimist@0.0.8
141 silly currentTree +-- ms@0.7.1
141 silly currentTree +-- nan@2.4.0
141 silly currentTree +-- node-gyp@3.4.0
141 silly currentTree | `-- npmlog@3.1.2
141 silly currentTree +-- node-sass@3.11.2
141 silly currentTree +-- node-uuid@1.4.7
141 silly currentTree +-- nopt@3.0.6
141 silly currentTree +-- normalize-package-data@2.3.5
141 silly currentTree +-- npmlog@4.0.0
141 silly currentTree +-- number-is-nan@1.0.1
141 silly currentTree +-- oauth-sign@0.8.2
141 silly currentTree +-- object-assign@4.1.0
141 silly currentTree +-- once@1.4.0
141 silly currentTree +-- os-homedir@1.0.2
141 silly currentTree +-- os-locale@1.4.0
141 silly currentTree +-- os-tmpdir@1.0.2
141 silly currentTree +-- osenv@0.1.3
141 silly currentTree +-- parse-json@2.2.0
141 silly currentTree +-- path-array@1.0.1
141 silly currentTree +-- path-exists@2.1.0
141 silly currentTree +-- path-is-absolute@1.0.1
141 silly currentTree +-- path-type@1.1.0
141 silly currentTree +-- pify@2.3.0
141 silly currentTree +-- pinkie-promise@2.0.1
141 silly currentTree +-- pinkie@2.0.4
141 silly currentTree +-- process-nextick-args@1.0.7
141 silly currentTree +-- pseudomap@1.0.2
141 silly currentTree +-- punycode@1.4.1
141 silly currentTree +-- qs@6.3.0
141 silly currentTree +-- read-pkg-up@1.0.1
141 silly currentTree +-- read-pkg@1.1.0
141 silly currentTree +-- readable-stream@2.1.5
141 silly currentTree +-- redent@1.0.0
141 silly currentTree +-- repeating@2.0.1
141 silly currentTree +-- request@2.78.0
141 silly currentTree +-- require-directory@2.1.1
141 silly currentTree +-- require-main-filename@1.0.1
141 silly currentTree +-- rimraf@2.5.4
141 silly currentTree +-- sass-graph@2.1.2
141 silly currentTree +-- semver@5.3.0
141 silly currentTree +-- set-blocking@2.0.0
141 silly currentTree +-- signal-exit@3.0.1
141 silly currentTree +-- sntp@1.0.9
141 silly currentTree +-- spdx-correct@1.0.2
141 silly currentTree +-- spdx-expression-parse@1.0.4
141 silly currentTree +-- spdx-license-ids@1.2.2
141 silly currentTree +-- sshpk@1.10.1
141 silly currentTree | `-- assert-plus@1.0.0
141 silly currentTree +-- string_decoder@0.10.31
141 silly currentTree +-- string-width@1.0.2
141 silly currentTree +-- stringstream@0.0.5
141 silly currentTree +-- strip-ansi@3.0.1
141 silly currentTree +-- strip-bom@2.0.0
141 silly currentTree +-- strip-indent@1.0.1
141 silly currentTree +-- supports-color@2.0.0
141 silly currentTree +-- tar@2.2.1
141 silly currentTree +-- tough-cookie@2.3.2
141 silly currentTree +-- trim-newlines@1.0.0
141 silly currentTree +-- tunnel-agent@0.4.3
141 silly currentTree +-- tweetnacl@0.14.3
141 silly currentTree +-- util-deprecate@1.0.2
141 silly currentTree +-- validate-npm-package-license@3.0.1
141 silly currentTree +-- verror@1.3.6
141 silly currentTree +-- which-module@1.0.0
141 silly currentTree +-- which@1.2.11
141 silly currentTree +-- wide-align@1.1.0
141 silly currentTree +-- window-size@0.2.0
141 silly currentTree +-- wrap-ansi@2.0.0
141 silly currentTree +-- wrappy@1.0.2
141 silly currentTree +-- xtend@4.0.1
141 silly currentTree +-- y18n@3.2.1
141 silly currentTree +-- yallist@2.0.0
141 silly currentTree +-- yargs-parser@2.4.1
141 silly currentTree | `-- camelcase@3.0.0
141 silly currentTree `-- yargs@4.8.1
142 silly idealTree TeoriaDB2@
142 silly idealTree +-- abbrev@1.0.9
142 silly idealTree +-- ansi-regex@2.0.0
142 silly idealTree +-- ansi-styles@2.2.1
142 silly idealTree +-- aproba@1.0.4
142 silly idealTree +-- are-we-there-yet@1.1.2
142 silly idealTree +-- array-find-index@1.0.2
142 silly idealTree +-- array-index@1.0.0
142 silly idealTree +-- asn1@0.2.3
142 silly idealTree +-- assert-plus@0.2.0
142 silly idealTree +-- async-foreach@0.1.3
142 silly idealTree +-- asynckit@0.4.0
142 silly idealTree +-- aws-sign2@0.6.0
142 silly idealTree +-- aws4@1.5.0
142 silly idealTree +-- balanced-match@0.4.2
142 silly idealTree +-- bcrypt-pbkdf@1.0.0
142 silly idealTree +-- bcrypt@0.8.7
142 silly idealTree | `-- nan@2.3.5
142 silly idealTree +-- bindings@1.2.1
142 silly idealTree +-- block-stream@0.0.9
142 silly idealTree +-- boom@2.10.1
142 silly idealTree +-- brace-expansion@1.1.6
142 silly idealTree +-- buffer-shims@1.0.0
142 silly idealTree +-- builtin-modules@1.1.1
142 silly idealTree +-- camelcase-keys@2.1.0
142 silly idealTree +-- camelcase@2.1.1
142 silly idealTree +-- caseless@0.11.0
142 silly idealTree +-- chalk@1.1.3
142 silly idealTree +-- cliui@3.2.0
142 silly idealTree +-- code-point-at@1.1.0
142 silly idealTree +-- combined-stream@1.0.5
142 silly idealTree +-- commander@2.9.0
142 silly idealTree +-- concat-map@0.0.1
142 silly idealTree +-- console-control-strings@1.1.0
142 silly idealTree +-- core-util-is@1.0.2
142 silly idealTree +-- cross-spawn@3.0.1
142 silly idealTree +-- cryptiles@2.0.5
142 silly idealTree +-- currently-unhandled@0.4.1
142 silly idealTree +-- d@0.1.1
142 silly idealTree +-- dashdash@1.14.0
142 silly idealTree | `-- assert-plus@1.0.0
142 silly idealTree +-- debug@2.2.0
142 silly idealTree +-- decamelize@1.2.0
142 silly idealTree +-- delayed-stream@1.0.0
142 silly idealTree +-- delegates@1.0.0
142 silly idealTree +-- ecc-jsbn@0.1.1
142 silly idealTree +-- error-ex@1.3.0
142 silly idealTree +-- es5-ext@0.10.12
142 silly idealTree +-- es6-iterator@2.0.0
142 silly idealTree +-- es6-symbol@3.1.0
142 silly idealTree +-- escape-string-regexp@1.0.5
142 silly idealTree +-- extend@3.0.0
142 silly idealTree +-- extsprintf@1.0.2
142 silly idealTree +-- find-up@1.1.2
142 silly idealTree +-- forever-agent@0.6.1
142 silly idealTree +-- form-data@2.1.1
142 silly idealTree +-- fs.realpath@1.0.0
142 silly idealTree +-- fstream@1.0.10
142 silly idealTree +-- gauge@2.6.0
142 silly idealTree +-- gaze@1.1.2
142 silly idealTree +-- generate-function@2.0.0
142 silly idealTree +-- generate-object-property@1.2.0
142 silly idealTree +-- get-caller-file@1.0.2
142 silly idealTree +-- get-stdin@4.0.1
142 silly idealTree +-- getpass@0.1.6
142 silly idealTree | `-- assert-plus@1.0.0
142 silly idealTree +-- glob@7.1.1
142 silly idealTree +-- globule@1.1.0
142 silly idealTree +-- graceful-fs@4.1.10
142 silly idealTree +-- graceful-readlink@1.0.1
142 silly idealTree +-- har-validator@2.0.6
142 silly idealTree +-- has-ansi@2.0.0
142 silly idealTree +-- has-color@0.1.7
142 silly idealTree +-- has-unicode@2.0.1
142 silly idealTree +-- hawk@3.1.3
142 silly idealTree +-- hoek@2.16.3
142 silly idealTree +-- hosted-git-info@2.1.5
142 silly idealTree +-- http-signature@1.1.1
142 silly idealTree +-- in-publish@2.0.0
142 silly idealTree +-- indent-string@2.1.0
142 silly idealTree +-- inflight@1.0.6
142 silly idealTree +-- inherits@2.0.3
142 silly idealTree +-- invert-kv@1.0.0
142 silly idealTree +-- is-arrayish@0.2.1
142 silly idealTree +-- is-builtin-module@1.0.0
142 silly idealTree +-- is-finite@1.0.2
142 silly idealTree +-- is-fullwidth-code-point@1.0.0
142 silly idealTree +-- is-my-json-valid@2.15.0
142 silly idealTree +-- is-property@1.0.2
142 silly idealTree +-- is-typedarray@1.0.0
142 silly idealTree +-- is-utf8@0.2.1
142 silly idealTree +-- isarray@1.0.0
142 silly idealTree +-- isexe@1.1.2
142 silly idealTree +-- isstream@0.1.2
142 silly idealTree +-- jodid25519@1.0.2
142 silly idealTree +-- jsbn@0.1.0
142 silly idealTree +-- json-schema@0.2.3
142 silly idealTree +-- json-stringify-safe@5.0.1
142 silly idealTree +-- jsonpointer@4.0.0
142 silly idealTree +-- jsprim@1.3.1
142 silly idealTree +-- lcid@1.0.0
142 silly idealTree +-- load-json-file@1.1.0
142 silly idealTree +-- lodash.assign@4.2.0
142 silly idealTree +-- lodash.clonedeep@4.5.0
142 silly idealTree +-- lodash@4.16.6
142 silly idealTree +-- loud-rejection@1.6.0
142 silly idealTree +-- lru-cache@4.0.1
142 silly idealTree +-- map-obj@1.0.1
142 silly idealTree +-- meow@3.7.0
142 silly idealTree +-- meteor-node-stubs@0.2.3
142 silly idealTree | +-- assert@1.3.0
142 silly idealTree | +-- browserify-zlib@0.1.4
142 silly idealTree | | `-- pako@0.2.8
142 silly idealTree | +-- buffer@4.5.1
142 silly idealTree | | +-- base64-js@1.1.2
142 silly idealTree | | +-- ieee754@1.1.6
142 silly idealTree | | `-- isarray@1.0.0
142 silly idealTree | +-- console-browserify@1.1.0
142 silly idealTree | | `-- date-now@0.1.4
142 silly idealTree | +-- constants-browserify@1.0.0
142 silly idealTree | +-- crypto-browserify@3.11.0
142 silly idealTree | | +-- browserify-cipher@1.0.0
142 silly idealTree | | | +-- browserify-aes@1.0.6
142 silly idealTree | | | | +-- buffer-xor@1.0.3
142 silly idealTree | | | | `-- cipher-base@1.0.2
142 silly idealTree | | | +-- browserify-des@1.0.0
142 silly idealTree | | | | +-- cipher-base@1.0.2
142 silly idealTree | | | | `-- des.js@1.0.0
142 silly idealTree | | | |   `-- minimalistic-assert@1.0.0
142 silly idealTree | | | `-- evp_bytestokey@1.0.0
142 silly idealTree | | +-- browserify-sign@4.0.0
142 silly idealTree | | | +-- bn.js@4.11.1
142 silly idealTree | | | +-- browserify-rsa@4.0.1
142 silly idealTree | | | +-- elliptic@6.2.3
142 silly idealTree | | | | +-- brorand@1.0.5
142 silly idealTree | | | | `-- hash.js@1.0.3
142 silly idealTree | | | `-- parse-asn1@5.0.0
142 silly idealTree | | |   +-- asn1.js@4.5.2
142 silly idealTree | | |   | `-- minimalistic-assert@1.0.0
142 silly idealTree | | |   +-- browserify-aes@1.0.6
142 silly idealTree | | |   | +-- buffer-xor@1.0.3
142 silly idealTree | | |   | `-- cipher-base@1.0.2
142 silly idealTree | | |   `-- evp_bytestokey@1.0.0
142 silly idealTree | | +-- create-ecdh@4.0.0
142 silly idealTree | | | +-- bn.js@4.11.1
142 silly idealTree | | | `-- elliptic@6.2.3
142 silly idealTree | | |   +-- brorand@1.0.5
142 silly idealTree | | |   `-- hash.js@1.0.3
142 silly idealTree | | +-- create-hash@1.1.2
142 silly idealTree | | | +-- cipher-base@1.0.2
142 silly idealTree | | | +-- ripemd160@1.0.1
142 silly idealTree | | | `-- sha.js@2.4.5
142 silly idealTree | | +-- create-hmac@1.1.4
142 silly idealTree | | +-- diffie-hellman@5.0.2
142 silly idealTree | | | +-- bn.js@4.11.1
142 silly idealTree | | | `-- miller-rabin@4.0.0
142 silly idealTree | | |   `-- brorand@1.0.5
142 silly idealTree | | +-- inherits@2.0.1
142 silly idealTree | | +-- pbkdf2@3.0.4
142 silly idealTree | | +-- public-encrypt@4.0.0
142 silly idealTree | | | +-- bn.js@4.11.1
142 silly idealTree | | | +-- browserify-rsa@4.0.1
142 silly idealTree | | | `-- parse-asn1@5.0.0
142 silly idealTree | | |   +-- asn1.js@4.5.2
142 silly idealTree | | |   | `-- minimalistic-assert@1.0.0
142 silly idealTree | | |   +-- browserify-aes@1.0.6
142 silly idealTree | | |   | +-- buffer-xor@1.0.3
142 silly idealTree | | |   | `-- cipher-base@1.0.2
142 silly idealTree | | |   `-- evp_bytestokey@1.0.0
142 silly idealTree | | `-- randombytes@2.0.3
142 silly idealTree | +-- domain-browser@1.1.7
142 silly idealTree | +-- events@1.1.0
142 silly idealTree | +-- http-browserify@1.7.0
142 silly idealTree | | +-- Base64@0.2.1
142 silly idealTree | | `-- inherits@2.0.1
142 silly idealTree | +-- https-browserify@0.0.1
142 silly idealTree | +-- os-browserify@0.2.1
142 silly idealTree | +-- path-browserify@0.0.0
142 silly idealTree | +-- process@0.11.2
142 silly idealTree | +-- punycode@1.4.1
142 silly idealTree | +-- querystring-es3@0.2.1
142 silly idealTree | +-- readable-stream@2.0.6
142 silly idealTree | | +-- core-util-is@1.0.2
142 silly idealTree | | +-- inherits@2.0.1
142 silly idealTree | | +-- isarray@1.0.0
142 silly idealTree | | +-- process-nextick-args@1.0.6
142 silly idealTree | | `-- util-deprecate@1.0.2
142 silly idealTree | +-- stream-browserify@2.0.1
142 silly idealTree | | `-- inherits@2.0.1
142 silly idealTree | +-- string_decoder@0.10.31
142 silly idealTree | +-- timers-browserify@1.4.2
142 silly idealTree | +-- tty-browserify@0.0.0
142 silly idealTree | +-- url@0.11.0
142 silly idealTree | | +-- punycode@1.3.2
142 silly idealTree | | `-- querystring@0.2.0
142 silly idealTree | +-- util@0.10.3
142 silly idealTree | | `-- inherits@2.0.1
142 silly idealTree | `-- vm-browserify@0.0.4
142 silly idealTree |   `-- indexof@0.0.1
142 silly idealTree +-- mime-db@1.24.0
142 silly idealTree +-- mime-types@2.1.12
142 silly idealTree +-- minimatch@3.0.3
142 silly idealTree +-- minimist@1.2.0
142 silly idealTree +-- mkdirp@0.5.1
142 silly idealTree | `-- minimist@0.0.8
142 silly idealTree +-- ms@0.7.1
142 silly idealTree +-- nan@2.4.0
142 silly idealTree +-- node-gyp@3.4.0
142 silly idealTree | `-- npmlog@3.1.2
142 silly idealTree +-- node-sass@3.11.2
142 silly idealTree +-- node-uuid@1.4.7
142 silly idealTree +-- nopt@3.0.6
142 silly idealTree +-- normalize-package-data@2.3.5
142 silly idealTree +-- npmlog@4.0.0
142 silly idealTree +-- number-is-nan@1.0.1
142 silly idealTree +-- oauth-sign@0.8.2
142 silly idealTree +-- object-assign@4.1.0
142 silly idealTree +-- once@1.4.0
142 silly idealTree +-- os-homedir@1.0.2
142 silly idealTree +-- os-locale@1.4.0
142 silly idealTree +-- os-tmpdir@1.0.2
142 silly idealTree +-- osenv@0.1.3
142 silly idealTree +-- parse-json@2.2.0
142 silly idealTree +-- path-array@1.0.1
142 silly idealTree +-- path-exists@2.1.0
142 silly idealTree +-- path-is-absolute@1.0.1
142 silly idealTree +-- path-type@1.1.0
142 silly idealTree +-- pify@2.3.0
142 silly idealTree +-- pinkie-promise@2.0.1
142 silly idealTree +-- pinkie@2.0.4
142 silly idealTree +-- process-nextick-args@1.0.7
142 silly idealTree +-- pseudomap@1.0.2
142 silly idealTree +-- punycode@1.4.1
142 silly idealTree +-- qs@6.3.0
142 silly idealTree +-- read-pkg-up@1.0.1
142 silly idealTree +-- read-pkg@1.1.0
142 silly idealTree +-- readable-stream@2.1.5
142 silly idealTree +-- redent@1.0.0
142 silly idealTree +-- repeating@2.0.1
142 silly idealTree +-- request@2.78.0
142 silly idealTree +-- require-directory@2.1.1
142 silly idealTree +-- require-main-filename@1.0.1
142 silly idealTree +-- rimraf@2.5.4
142 silly idealTree +-- sass-graph@2.1.2
142 silly idealTree +-- semver@5.3.0
142 silly idealTree +-- set-blocking@2.0.0
142 silly idealTree +-- signal-exit@3.0.1
142 silly idealTree +-- sntp@1.0.9
142 silly idealTree +-- spdx-correct@1.0.2
142 silly idealTree +-- spdx-expression-parse@1.0.4
142 silly idealTree +-- spdx-license-ids@1.2.2
142 silly idealTree +-- sshpk@1.10.1
142 silly idealTree | `-- assert-plus@1.0.0
142 silly idealTree +-- string_decoder@0.10.31
142 silly idealTree +-- string-width@1.0.2
142 silly idealTree +-- stringstream@0.0.5
142 silly idealTree +-- strip-ansi@3.0.1
142 silly idealTree +-- strip-bom@2.0.0
142 silly idealTree +-- strip-indent@1.0.1
142 silly idealTree +-- supports-color@2.0.0
142 silly idealTree +-- tar@2.2.1
142 silly idealTree +-- tough-cookie@2.3.2
142 silly idealTree +-- trim-newlines@1.0.0
142 silly idealTree +-- tunnel-agent@0.4.3
142 silly idealTree +-- tweetnacl@0.14.3
142 silly idealTree +-- util-deprecate@1.0.2
142 silly idealTree +-- validate-npm-package-license@3.0.1
142 silly idealTree +-- verror@1.3.6
142 silly idealTree +-- which-module@1.0.0
142 silly idealTree +-- which@1.2.11
142 silly idealTree +-- wide-align@1.1.0
142 silly idealTree +-- window-size@0.2.0
142 silly idealTree +-- wrap-ansi@2.0.0
142 silly idealTree +-- wrappy@1.0.2
142 silly idealTree +-- xtend@4.0.1
142 silly idealTree +-- y18n@3.2.1
142 silly idealTree +-- yallist@2.0.0
142 silly idealTree +-- yargs-parser@2.4.1
142 silly idealTree | `-- camelcase@3.0.0
142 silly idealTree `-- yargs@4.8.1
143 silly generateActionsToTake Starting
144 silly install generateActionsToTake
145 silly generateActionsToTake Finishing
146 silly diffTrees action count 3
147 silly diffTrees add nan@2.3.5
148 silly diffTrees add bindings@1.2.1
149 silly diffTrees add bcrypt@0.8.7
150 silly decomposeActions action count 24
151 silly decomposeActions fetch nan@2.3.5
152 silly decomposeActions extract nan@2.3.5
153 silly decomposeActions test nan@2.3.5
154 silly decomposeActions preinstall nan@2.3.5
155 silly decomposeActions build nan@2.3.5
156 silly decomposeActions install nan@2.3.5
157 silly decomposeActions postinstall nan@2.3.5
158 silly decomposeActions finalize nan@2.3.5
159 silly decomposeActions fetch bindings@1.2.1
160 silly decomposeActions extract bindings@1.2.1
161 silly decomposeActions test bindings@1.2.1
162 silly decomposeActions preinstall bindings@1.2.1
163 silly decomposeActions build bindings@1.2.1
164 silly decomposeActions install bindings@1.2.1
165 silly decomposeActions postinstall bindings@1.2.1
166 silly decomposeActions finalize bindings@1.2.1
167 silly decomposeActions fetch bcrypt@0.8.7
168 silly decomposeActions extract bcrypt@0.8.7
169 silly decomposeActions test bcrypt@0.8.7
170 silly decomposeActions preinstall bcrypt@0.8.7
171 silly decomposeActions build bcrypt@0.8.7
172 silly decomposeActions install bcrypt@0.8.7
173 silly decomposeActions postinstall bcrypt@0.8.7
174 silly decomposeActions finalize bcrypt@0.8.7
175 silly runTopLevelLifecycles Starting
176 silly executeActions Starting
177 silly install executeActions
178 silly doSerial global-install 0
179 silly doParallel fetch 3
180 verbose correctMkdir C:\Users\black\AppData\Roaming\npm-cache\_locks correctMkdir not in flight; initializing
181 verbose lock using C:\Users\black\AppData\Roaming\npm-cache\_locks\staging-3934b5f501785113.lock for C:\Users\black\Desktop\TeoriaDB2\node_modules\.staging
182 silly doParallel extract 3
183 silly extract nan@2.3.5
184 silly extract bindings@1.2.1
185 silly extract bcrypt@0.8.7
186 verbose unbuild node_modules\.staging\nan-bc2f263e
187 verbose unbuild node_modules\.staging\bindings-9476984d
188 verbose unbuild node_modules\.staging\bcrypt-7346f8d1
189 silly gentlyRm C:\Users\black\Desktop\TeoriaDB2\node_modules\.staging\bindings-9476984d is being purged from base C:\Users\black\Desktop\TeoriaDB2
190 verbose gentlyRm don't care about contents; nuking C:\Users\black\Desktop\TeoriaDB2\node_modules\.staging\bindings-9476984d
191 silly gentlyRm C:\Users\black\Desktop\TeoriaDB2\node_modules\.staging\nan-bc2f263e is being purged from base C:\Users\black\Desktop\TeoriaDB2
192 verbose gentlyRm don't care about contents; nuking C:\Users\black\Desktop\TeoriaDB2\node_modules\.staging\nan-bc2f263e
193 silly gentlyRm C:\Users\black\Desktop\TeoriaDB2\node_modules\.staging\bcrypt-7346f8d1 is being purged from base C:\Users\black\Desktop\TeoriaDB2
194 verbose gentlyRm don't care about contents; nuking C:\Users\black\Desktop\TeoriaDB2\node_modules\.staging\bcrypt-7346f8d1
195 verbose tar unpack C:\Users\black\AppData\Roaming\npm-cache\bindings\1.2.1\package.tgz
196 verbose tar unpacking to C:\Users\black\Desktop\TeoriaDB2\node_modules\.staging\bindings-9476984d
197 silly gentlyRm C:\Users\black\Desktop\TeoriaDB2\node_modules\.staging\bindings-9476984d is being purged
198 verbose gentlyRm don't care about contents; nuking C:\Users\black\Desktop\TeoriaDB2\node_modules\.staging\bindings-9476984d
199 verbose tar unpack C:\Users\black\AppData\Roaming\npm-cache\nan\2.3.5\package.tgz
200 verbose tar unpacking to C:\Users\black\Desktop\TeoriaDB2\node_modules\.staging\nan-bc2f263e
201 silly gentlyRm C:\Users\black\Desktop\TeoriaDB2\node_modules\.staging\nan-bc2f263e is being purged
202 verbose gentlyRm don't care about contents; nuking C:\Users\black\Desktop\TeoriaDB2\node_modules\.staging\nan-bc2f263e
203 verbose tar unpack C:\Users\black\AppData\Roaming\npm-cache\bcrypt\0.8.7\package.tgz
204 verbose tar unpacking to C:\Users\black\Desktop\TeoriaDB2\node_modules\.staging\bcrypt-7346f8d1
205 silly gentlyRm C:\Users\black\Desktop\TeoriaDB2\node_modules\.staging\bcrypt-7346f8d1 is being purged
206 verbose gentlyRm don't care about contents; nuking C:\Users\black\Desktop\TeoriaDB2\node_modules\.staging\bcrypt-7346f8d1
207 silly gunzTarPerm modes [ '777', '666' ]
208 silly gunzTarPerm modes [ '777', '666' ]
209 silly gunzTarPerm modes [ '777', '666' ]
210 silly gunzTarPerm extractEntry package.json
211 silly gunzTarPerm modified mode [ 'package.json', 420, 438 ]
212 silly gunzTarPerm extractEntry package.json
213 silly gunzTarPerm modified mode [ 'package.json', 420, 438 ]
214 silly gunzTarPerm extractEntry package.json
215 silly gunzTarPerm modified mode [ 'package.json', 436, 438 ]
216 silly gunzTarPerm extractEntry README.md
217 silly gunzTarPerm modified mode [ 'README.md', 420, 438 ]
218 silly gunzTarPerm extractEntry bindings.js
219 silly gunzTarPerm modified mode [ 'bindings.js', 420, 438 ]
220 silly gunzTarPerm extractEntry .npmignore
221 silly gunzTarPerm modified mode [ '.npmignore', 420, 438 ]
222 silly gunzTarPerm extractEntry README.md
223 silly gunzTarPerm modified mode [ 'README.md', 420, 438 ]
224 silly gunzTarPerm extractEntry README.md
225 silly gunzTarPerm modified mode [ 'README.md', 436, 438 ]
226 silly gunzTarPerm extractEntry include_dirs.js
227 silly gunzTarPerm modified mode [ 'include_dirs.js', 436, 438 ]
228 silly gunzTarPerm extractEntry LICENSE
229 silly gunzTarPerm modified mode [ 'LICENSE', 420, 438 ]
230 silly gunzTarPerm extractEntry bcrypt.js
231 silly gunzTarPerm modified mode [ 'bcrypt.js', 420, 438 ]
232 silly gunzTarPerm extractEntry Makefile
233 silly gunzTarPerm modified mode [ 'Makefile', 420, 438 ]
234 silly gunzTarPerm extractEntry .travis.yml
235 silly gunzTarPerm modified mode [ '.travis.yml', 420, 438 ]
236 silly gunzTarPerm extractEntry CHANGELOG.md
237 silly gunzTarPerm modified mode [ 'CHANGELOG.md', 420, 438 ]
238 silly gunzTarPerm extractEntry binding.gyp
239 silly gunzTarPerm modified mode [ 'binding.gyp', 420, 438 ]
240 silly gunzTarPerm extractEntry examples/async_compare.js
241 silly gunzTarPerm modified mode [ 'examples/async_compare.js', 420, 438 ]
242 silly gunzTarPerm extractEntry examples/forever_gen_salt.js
243 silly gunzTarPerm modified mode [ 'examples/forever_gen_salt.js', 420, 438 ]
244 silly gunzTarPerm extractEntry test/async.js
245 silly gunzTarPerm modified mode [ 'test/async.js', 420, 438 ]
246 silly gunzTarPerm extractEntry test/repetitions.js
247 silly gunzTarPerm modified mode [ 'test/repetitions.js', 420, 438 ]
248 silly gunzTarPerm extractEntry test/sync.js
249 silly gunzTarPerm modified mode [ 'test/sync.js', 420, 438 ]
250 silly gunzTarPerm extractEntry ISSUE_TEMPLATE.md
251 silly gunzTarPerm modified mode [ 'ISSUE_TEMPLATE.md', 420, 438 ]
252 silly gunzTarPerm extractEntry src/bcrypt.cc
253 silly gunzTarPerm modified mode [ 'src/bcrypt.cc', 420, 438 ]
254 silly gunzTarPerm extractEntry src/bcrypt_node.cc
255 silly gunzTarPerm modified mode [ 'src/bcrypt_node.cc', 420, 438 ]
256 silly gunzTarPerm extractEntry src/blowfish.cc
257 silly gunzTarPerm modified mode [ 'src/blowfish.cc', 420, 438 ]
258 silly gunzTarPerm extractEntry src/node_blf.h
259 silly gunzTarPerm modified mode [ 'src/node_blf.h', 420, 438 ]
260 silly gunzTarPerm extractEntry werker.yml
261 silly gunzTarPerm modified mode [ 'werker.yml', 420, 438 ]
262 silly gunzTarPerm extractEntry nan_converters.h
263 silly gunzTarPerm modified mode [ 'nan_converters.h', 436, 438 ]
264 silly gunzTarPerm extractEntry LICENSE.md
265 silly gunzTarPerm modified mode [ 'LICENSE.md', 436, 438 ]
266 silly gunzTarPerm extractEntry doc/node_misc.md
267 silly gunzTarPerm modified mode [ 'doc/node_misc.md', 436, 438 ]
268 silly gunzTarPerm extractEntry doc/asyncworker.md
269 silly gunzTarPerm modified mode [ 'doc/asyncworker.md', 436, 438 ]
270 silly gunzTarPerm extractEntry doc/callback.md
271 silly gunzTarPerm modified mode [ 'doc/callback.md', 436, 438 ]
272 silly gunzTarPerm extractEntry doc/converters.md
273 silly gunzTarPerm modified mode [ 'doc/converters.md', 436, 438 ]
274 silly gentlyRm C:\Users\black\Desktop\TeoriaDB2\node_modules\.staging\bindings-9476984d\node_modules is being purged
275 verbose gentlyRm don't care about contents; nuking C:\Users\black\Desktop\TeoriaDB2\node_modules\.staging\bindings-9476984d\node_modules
276 silly gunzTarPerm extractEntry doc/errors.md
277 silly gunzTarPerm modified mode [ 'doc/errors.md', 436, 438 ]
278 silly gunzTarPerm extractEntry doc/maybe_types.md
279 silly gunzTarPerm modified mode [ 'doc/maybe_types.md', 436, 438 ]
280 silly gunzTarPerm extractEntry doc/methods.md
281 silly gunzTarPerm modified mode [ 'doc/methods.md', 436, 438 ]
282 silly gunzTarPerm extractEntry doc/new.md
283 silly gunzTarPerm modified mode [ 'doc/new.md', 436, 438 ]
284 silly gunzTarPerm extractEntry doc/buffers.md
285 silly gunzTarPerm modified mode [ 'doc/buffers.md', 436, 438 ]
286 silly gunzTarPerm extractEntry doc/object_wrappers.md
287 silly gunzTarPerm modified mode [ 'doc/object_wrappers.md', 436, 438 ]
288 silly gunzTarPerm extractEntry doc/persistent.md
289 silly gunzTarPerm modified mode [ 'doc/persistent.md', 436, 438 ]
290 silly gunzTarPerm extractEntry doc/scopes.md
291 silly gunzTarPerm modified mode [ 'doc/scopes.md', 436, 438 ]
292 silly gunzTarPerm extractEntry doc/script.md
293 silly gunzTarPerm modified mode [ 'doc/script.md', 436, 438 ]
294 silly gunzTarPerm extractEntry doc/string_bytes.md
295 silly gunzTarPerm modified mode [ 'doc/string_bytes.md', 436, 438 ]
296 silly gunzTarPerm extractEntry doc/v8_internals.md
297 silly gunzTarPerm modified mode [ 'doc/v8_internals.md', 436, 438 ]
298 silly gunzTarPerm extractEntry doc/v8_misc.md
299 silly gunzTarPerm modified mode [ 'doc/v8_misc.md', 436, 438 ]
300 silly gunzTarPerm extractEntry nan.h
301 silly gunzTarPerm modified mode [ 'nan.h', 436, 438 ]
302 silly gunzTarPerm extractEntry nan_callbacks.h
303 silly gunzTarPerm modified mode [ 'nan_callbacks.h', 436, 438 ]
304 silly gunzTarPerm extractEntry nan_callbacks_12_inl.h
305 silly gunzTarPerm modified mode [ 'nan_callbacks_12_inl.h', 436, 438 ]
306 silly gunzTarPerm extractEntry nan_callbacks_pre_12_inl.h
307 silly gunzTarPerm modified mode [ 'nan_callbacks_pre_12_inl.h', 436, 438 ]
308 silly gunzTarPerm extractEntry nan_converters_43_inl.h
309 silly gunzTarPerm modified mode [ 'nan_converters_43_inl.h', 436, 438 ]
310 silly gunzTarPerm extractEntry nan_converters_pre_43_inl.h
311 silly gunzTarPerm modified mode [ 'nan_converters_pre_43_inl.h', 436, 438 ]
312 silly gunzTarPerm extractEntry nan_implementation_12_inl.h
313 silly gunzTarPerm modified mode [ 'nan_implementation_12_inl.h', 436, 438 ]
314 silly gunzTarPerm extractEntry nan_implementation_pre_12_inl.h
315 silly gunzTarPerm modified mode [ 'nan_implementation_pre_12_inl.h', 436, 438 ]
316 silly gunzTarPerm extractEntry nan_maybe_43_inl.h
317 silly gunzTarPerm modified mode [ 'nan_maybe_43_inl.h', 436, 438 ]
318 silly gunzTarPerm extractEntry nan_maybe_pre_43_inl.h
319 silly gunzTarPerm modified mode [ 'nan_maybe_pre_43_inl.h', 436, 438 ]
320 silly gunzTarPerm extractEntry nan_new.h
321 silly gunzTarPerm modified mode [ 'nan_new.h', 436, 438 ]
322 silly gunzTarPerm extractEntry nan_object_wrap.h
323 silly gunzTarPerm modified mode [ 'nan_object_wrap.h', 436, 438 ]
324 silly gunzTarPerm extractEntry nan_persistent_12_inl.h
325 silly gunzTarPerm modified mode [ 'nan_persistent_12_inl.h', 436, 438 ]
326 silly gunzTarPerm extractEntry nan_persistent_pre_12_inl.h
327 silly gunzTarPerm modified mode [ 'nan_persistent_pre_12_inl.h', 436, 438 ]
328 silly gunzTarPerm extractEntry nan_string_bytes.h
329 silly gunzTarPerm modified mode [ 'nan_string_bytes.h', 436, 438 ]
330 silly gunzTarPerm extractEntry nan_typedarray_contents.h
331 silly gunzTarPerm modified mode [ 'nan_typedarray_contents.h', 436, 438 ]
332 silly gunzTarPerm extractEntry nan_weak.h
333 silly gunzTarPerm modified mode [ 'nan_weak.h', 436, 438 ]
334 silly gunzTarPerm extractEntry CHANGELOG.md
335 silly gunzTarPerm modified mode [ 'CHANGELOG.md', 436, 438 ]
336 silly gunzTarPerm extractEntry tools/package.json
337 silly gunzTarPerm modified mode [ 'tools/package.json', 436, 438 ]
338 silly gunzTarPerm extractEntry tools/README.md
339 silly gunzTarPerm modified mode [ 'tools/README.md', 436, 438 ]
340 silly gunzTarPerm extractEntry tools/1to2.js
341 silly gunzTarPerm modified mode [ 'tools/1to2.js', 509, 511 ]
342 silly gentlyRm C:\Users\black\Desktop\TeoriaDB2\node_modules\.staging\bcrypt-7346f8d1\node_modules is being purged
343 verbose gentlyRm don't care about contents; nuking C:\Users\black\Desktop\TeoriaDB2\node_modules\.staging\bcrypt-7346f8d1\node_modules
344 silly gentlyRm C:\Users\black\Desktop\TeoriaDB2\node_modules\.staging\nan-bc2f263e\node_modules is being purged
345 verbose gentlyRm don't care about contents; nuking C:\Users\black\Desktop\TeoriaDB2\node_modules\.staging\nan-bc2f263e\node_modules
346 silly doParallel preinstall 3
347 silly preinstall nan@2.3.5 C:\Users\black\Desktop\TeoriaDB2\node_modules\.staging\nan-bc2f263e
348 info lifecycle nan@2.3.5~preinstall: nan@2.3.5
349 silly preinstall bindings@1.2.1 C:\Users\black\Desktop\TeoriaDB2\node_modules\.staging\bindings-9476984d
350 info lifecycle bindings@1.2.1~preinstall: bindings@1.2.1
351 silly preinstall bcrypt@0.8.7 C:\Users\black\Desktop\TeoriaDB2\node_modules\.staging\bcrypt-7346f8d1
352 info lifecycle bcrypt@0.8.7~preinstall: bcrypt@0.8.7
353 silly lifecycle nan@2.3.5~preinstall: no script for preinstall, continuing
354 silly lifecycle bindings@1.2.1~preinstall: no script for preinstall, continuing
355 silly lifecycle bcrypt@0.8.7~preinstall: no script for preinstall, continuing
356 silly doReverseSerial remove 0
357 silly doSerial move 0
358 silly doSerial finalize 3
359 silly finalize C:\Users\black\Desktop\TeoriaDB2\node_modules\bcrypt\node_modules\nan
360 silly finalize C:\Users\black\Desktop\TeoriaDB2\node_modules\bindings
361 silly finalize C:\Users\black\Desktop\TeoriaDB2\node_modules\bcrypt
362 silly doSerial build 3
363 silly build nan@2.3.5
364 info linkStuff nan@2.3.5
365 silly linkStuff nan@2.3.5 has C:\Users\black\Desktop\TeoriaDB2\node_modules\bcrypt\node_modules as its parent node_modules
366 verbose linkBins nan@2.3.5
367 verbose linkMans nan@2.3.5
368 silly build bindings@1.2.1
369 info linkStuff bindings@1.2.1
370 silly linkStuff bindings@1.2.1 has C:\Users\black\Desktop\TeoriaDB2\node_modules as its parent node_modules
371 verbose linkBins bindings@1.2.1
372 verbose linkMans bindings@1.2.1
373 silly build bcrypt@0.8.7
374 info linkStuff bcrypt@0.8.7
375 silly linkStuff bcrypt@0.8.7 has C:\Users\black\Desktop\TeoriaDB2\node_modules as its parent node_modules
376 verbose linkBins bcrypt@0.8.7
377 verbose linkMans bcrypt@0.8.7
378 silly doSerial global-link 0
379 silly doParallel update-linked 0
380 silly doSerial install 3
381 silly install nan@2.3.5 C:\Users\black\Desktop\TeoriaDB2\node_modules\.staging\nan-bc2f263e
382 info lifecycle nan@2.3.5~install: nan@2.3.5
383 silly lifecycle nan@2.3.5~install: no script for install, continuing
384 silly install bindings@1.2.1 C:\Users\black\Desktop\TeoriaDB2\node_modules\.staging\bindings-9476984d
385 info lifecycle bindings@1.2.1~install: bindings@1.2.1
386 silly lifecycle bindings@1.2.1~install: no script for install, continuing
387 silly install bcrypt@0.8.7 C:\Users\black\Desktop\TeoriaDB2\node_modules\.staging\bcrypt-7346f8d1
388 info lifecycle bcrypt@0.8.7~install: bcrypt@0.8.7
389 verbose lifecycle bcrypt@0.8.7~install: unsafe-perm in lifecycle true
390 verbose lifecycle bcrypt@0.8.7~install: PATH: C:\Users\black\AppData\Roaming\npm\node_modules\npm\bin\node-gyp-bin;C:\Users\black\Desktop\TeoriaDB2\node_modules\bcrypt\node_modules\.bin;C:\Users\black\Desktop\TeoriaDB2\node_modules\.bin;C:\oraclexe\app\oracle\product\11.2.0\server\bin;;C:\ProgramData\Oracle\Java\javapath;C:\Program Files (x86)\Intel\iCLS Client\;C:\Program Files\Intel\iCLS Client\;C:\windows\system32;C:\windows;C:\windows\System32\Wbem;C:\windows\System32\WindowsPowerShell\v1.0\;C:\Program Files (x86)\Intel\Intel(R) Management Engine Components\DAL;C:\Program Files\Intel\Intel(R) Management Engine Components\DAL;C:\Program Files (x86)\Intel\Intel(R) Management Engine Components\IPT;C:\Program Files\Intel\Intel(R) Management Engine Components\IPT;C:\Program Files (x86)\Windows Live\Shared;C:\ProgramData\chocolatey\bin;C:\Program Files\Git\cmd;C:\Program Files\nodejs\;C:\Program Files (x86)\Skype\Phone\;C:\Program Files\Microsoft SQL Server\Client SDK\ODBC\110\Tools\Binn\;C:\Program Files (x86)\Microsoft SQL Server\120\Tools\Binn\;C:\Program Files\Microsoft SQL Server\120\Tools\Binn\;C:\Program Files\Microsoft SQL Server\120\DTS\Binn\;C:\Program Files (x86)\Microsoft SQL Server\120\Tools\Binn\ManagementStudio\;C:\Program Files (x86)\Microsoft SQL Server\120\DTS\Binn\;C:\Program Files\MongoDB\Server\3.2\bin;C:\Program Files (x86)\Microsoft VS Code\bin;C:\Users\black\AppData\Local\.meteor\
391 verbose lifecycle bcrypt@0.8.7~install: CWD: C:\Users\black\Desktop\TeoriaDB2\node_modules\bcrypt
392 silly lifecycle bcrypt@0.8.7~install: Args: [ '/d /s /c', 'node-gyp rebuild' ]
393 silly lifecycle bcrypt@0.8.7~install: Returned: code: 1  signal: null
394 info lifecycle bcrypt@0.8.7~install: Failed to exec install script
395 verbose unlock done using C:\Users\black\AppData\Roaming\npm-cache\_locks\staging-3934b5f501785113.lock for C:\Users\black\Desktop\TeoriaDB2\node_modules\.staging
396 silly rollbackFailedOptional Starting
397 silly rollbackFailedOptional Finishing
398 silly runTopLevelLifecycles Finishing
399 silly install printInstalled
400 verbose stack Error: bcrypt@0.8.7 install: `node-gyp rebuild`
400 verbose stack Exit status 1
400 verbose stack     at EventEmitter.<anonymous> (C:\Users\black\AppData\Roaming\npm\node_modules\npm\lib\utils\lifecycle.js:255:16)
400 verbose stack     at emitTwo (events.js:106:13)
400 verbose stack     at EventEmitter.emit (events.js:191:7)
400 verbose stack     at ChildProcess.<anonymous> (C:\Users\black\AppData\Roaming\npm\node_modules\npm\lib\utils\spawn.js:40:14)
400 verbose stack     at emitTwo (events.js:106:13)
400 verbose stack     at ChildProcess.emit (events.js:191:7)
400 verbose stack     at maybeClose (internal/child_process.js:877:16)
400 verbose stack     at Process.ChildProcess._handle.onexit (internal/child_process.js:226:5)
401 verbose pkgid bcrypt@0.8.7
402 verbose cwd C:\Users\black\Desktop\TeoriaDB2
403 error Windows_NT 10.0.10586
404 error argv "C:\\Program Files\\nodejs\\node.exe" "C:\\Users\\black\\AppData\\Roaming\\npm\\node_modules\\npm\\bin\\npm-cli.js" "install" "bcrypt"
405 error node v6.9.1
406 error npm  v3.10.9
407 error code ELIFECYCLE
408 error bcrypt@0.8.7 install: `node-gyp rebuild`
408 error Exit status 1
409 error Failed at the bcrypt@0.8.7 install script 'node-gyp rebuild'.
409 error Make sure you have the latest version of node.js and npm installed.
409 error If you do, this is most likely a problem with the bcrypt package,
409 error not with npm itself.
409 error Tell the author that this fails on your system:
409 error     node-gyp rebuild
409 error You can get information on how to open an issue for this project with:
409 error     npm bugs bcrypt
409 error Or if that isn't available, you can get their info via:
409 error     npm owner ls bcrypt
409 error There is likely additional logging output above.
410 verbose exit [ 1, true ]
